# JRE version: OpenJDK Runtime Environment Corretto-11.0.11.9.1 (11.0.11+9) (build 11.0.11+9-LTS)
# Java VM: OpenJDK 64-Bit Server VM Corretto-11.0.11.9.1 (11.0.11+9-LTS, mixed mode, tiered, compressed oops, g1 gc, linux-amd64)
Heap:
 garbage-first heap   total 614400K, used 179318K [0x000000060de00000, 0x0000000800000000)
  region size 2048K, 89 young (182272K), 3 survivors (6144K)
 Metaspace       used 11274K, capacity 11492K, committed 11648K, reserved 1060864K
  class space    used 1061K, capacity 1124K, committed 1152K, reserved 1048576K
GC Heap History (10 events):
Event: 0.572 GC heap before
{Heap before GC invocations=0 (full 0):
 garbage-first heap   total 512000K, used 24576K [0x000000060de00000, 0x0000000800000000)
  region size 2048K, 12 young (24576K), 0 survivors (0K)
 Metaspace       used 10707K, capacity 10871K, committed 11136K, reserved 1058816K
  class space    used 1019K, capacity 1089K, committed 1152K, reserved 1048576K
}
Event: 0.584 GC heap after
{Heap after GC invocations=1 (full 0):
 garbage-first heap   total 512000K, used 2090K [0x000000060de00000, 0x0000000800000000)
  region size 2048K, 2 young (4096K), 2 survivors (4096K)
 Metaspace       used 10707K, capacity 10871K, committed 11136K, reserved 1058816K
  class space    used 1019K, capacity 1089K, committed 1152K, reserved 1048576K
}
Event: 1.124 GC heap before
{Heap before GC invocations=1 (full 0):
 garbage-first heap   total 512000K, used 305194K [0x000000060de00000, 0x0000000800000000)
  region size 2048K, 150 young (307200K), 2 survivors (4096K)
 Metaspace       used 10953K, capacity 11159K, committed 11392K, reserved 1058816K
  class space    used 1036K, capacity 1121K, committed 1152K, reserved 1048576K
}
Event: 1.130 GC heap after
{Heap after GC invocations=2 (full 0):
 garbage-first heap   total 512000K, used 2311K [0x000000060de00000, 0x0000000800000000)
  region size 2048K, 2 young (4096K), 2 survivors (4096K)
 Metaspace       used 10953K, capacity 11159K, committed 11392K, reserved 1058816K
  class space    used 1036K, capacity 1121K, committed 1152K, reserved 1048576K
}
Event: 1.440 GC heap before
{Heap before GC invocations=2 (full 0):
 garbage-first heap   total 512000K, used 305415K [0x000000060de00000, 0x0000000800000000)
  region size 2048K, 150 young (307200K), 2 survivors (4096K)
 Metaspace       used 11221K, capacity 11428K, committed 11648K, reserved 1060864K
  class space    used 1060K, capacity 1124K, committed 1152K, reserved 1048576K
}
Event: 1.444 GC heap after
{Heap after GC invocations=3 (full 0):
 garbage-first heap   total 512000K, used 2594K [0x000000060de00000, 0x0000000800000000)
  region size 2048K, 2 young (4096K), 2 survivors (4096K)
 Metaspace       used 11221K, capacity 11428K, committed 11648K, reserved 1060864K
  class space    used 1060K, capacity 1124K, committed 1152K, reserved 1048576K
}
Event: 1.732 GC heap before
{Heap before GC invocations=3 (full 0):
 garbage-first heap   total 512000K, used 305698K [0x000000060de00000, 0x0000000800000000)
  region size 2048K, 150 young (307200K), 2 survivors (4096K)
 Metaspace       used 11232K, capacity 11428K, committed 11648K, reserved 1060864K
  class space    used 1060K, capacity 1124K, committed 1152K, reserved 1048576K
}
Event: 1.737 GC heap after
{Heap after GC invocations=4 (full 0):
 garbage-first heap   total 512000K, used 2605K [0x000000060de00000, 0x0000000800000000)
  region size 2048K, 2 young (4096K), 2 survivors (4096K)
 Metaspace       used 11232K, capacity 11428K, committed 11648K, reserved 1060864K
  class space    used 1060K, capacity 1124K, committed 1152K, reserved 1048576K
}
Event: 2.351 GC heap before
{Heap before GC invocations=4 (full 0):
 garbage-first heap   total 512000K, used 305709K [0x000000060de00000, 0x0000000800000000)
  region size 2048K, 150 young (307200K), 2 survivors (4096K)
 Metaspace       used 11272K, capacity 11492K, committed 11648K, reserved 1060864K
  class space    used 1061K, capacity 1124K, committed 1152K, reserved 1048576K
}
Event: 2.357 GC heap after
{Heap after GC invocations=5 (full 0):
 garbage-first heap   total 614400K, used 5238K [0x000000060de00000, 0x0000000800000000)
  region size 2048K, 3 young (6144K), 3 survivors (6144K)
 Metaspace       used 11272K, capacity 11492K, committed 11648K, reserved 1060864K
  class space    used 1061K, capacity 1124K, committed 1152K, reserved 1048576K
}

